*----------------------------------------------------------------------------------------
*	Voltus Power Analysis - Power Calculator - Version v18.17-s023_1 64-bit (03/05/2020 14:39:22)
*	Copyright 2007, Cadence Design Systems, Inc.
*
* 	Date & Time:	2023-Jun-07 18:09:36 (2023-Jun-08 01:09:36 GMT)
*
*----------------------------------------------------------------------------------------
*
*	Design: fir
*
*	Liberty Libraries used: 
*	        /scratch/nk/asic_labs/lab1/sky130/src/post-par-sim/fir_FINAL/libs/mmmc/sky130_fd_sc_hd__ff_n40C_1v95_ccsnoise.lib
*	        /scratch/nk/asic_labs/lab1/sky130/src/post-par-sim/fir_FINAL/libs/mmmc/sramgen_sram_32x32m2w8_replica_v1_tt_025C_1v80.lib
*	        /scratch/nk/asic_labs/lab1/sky130/src/post-par-sim/fir_FINAL/libs/mmmc/sramgen_sram_64x32m4w32_replica_v1_tt_025C_1v80.lib
*	        /scratch/nk/asic_labs/lab1/sky130/src/post-par-sim/fir_FINAL/libs/mmmc/sramgen_sram_512x32m4w8_replica_v1_tt_025C_1v80.lib
*	        /scratch/nk/asic_labs/lab1/sky130/src/post-par-sim/fir_FINAL/libs/mmmc/sramgen_sram_1024x32m8w8_replica_v1_tt_025C_1v80.lib
*	        /scratch/nk/asic_labs/lab1/sky130/src/post-par-sim/fir_FINAL/libs/mmmc/sramgen_sram_1024x32m8w32_replica_v1_tt_025C_1v80.lib
*	        /scratch/nk/asic_labs/lab1/sky130/src/post-par-sim/fir_FINAL/libs/mmmc/sramgen_sram_1024x64m8w32_replica_v1_tt_025C_1v80.lib
*	        /scratch/nk/asic_labs/lab1/sky130/src/post-par-sim/fir_FINAL/libs/mmmc/sramgen_sram_2048x32m8w8_replica_v1_tt_025C_1v80.lib
*	        /scratch/nk/asic_labs/lab1/sky130/src/post-par-sim/fir_FINAL/libs/mmmc/sramgen_sram_4096x8m8w8_replica_v1_tt_025C_1v80.lib
*	        /scratch/nk/asic_labs/lab1/sky130/src/post-par-sim/fir_FINAL/libs/mmmc/sramgen_sram_4096x32m8w8_replica_v1_tt_025C_1v80.lib
*
*	Power Domain used: 
*              Rail:        VDD      Voltage:       1.95 
*
*	Parasitic Files used: 
*	        /scratch/nk/asic_labs/lab1/sky130/build/par-rundir/fir.ff_n40C_1v95.par.spef
*
*	DEF Files used: 
*	        /tmp/ssv_tmpdir_12986_ina208/eps_out_12986.def.gz
*
*       Activity File: N.A.
*
*       Hierarchical Global Activity: N.A.
*
*       Global Activity: N.A.
*
*       Sequential Element Activity: 0.200000
*
*       Primary Input Activity: 0.200000
*
*       Default icg ratio: N.A.
*
*       Global Comb ClockGate Ratio: N.A.
*
*	Power Units = 1mW
*
*	Time Units = 1e-09 secs 
*
*       report_power -output activePowerReports.ff_n40C_1v95.hold_view -report_prefix power
*
-----------------------------------------------------------------------------------------


Total Power 
-----------------------------------------------------------------------------------------
Total Internal Power:        0.45523258 	   14.6801%
Total Switching Power:       2.63975796 	   85.1257%
Total Leakage Power:         0.00602086 	    0.1942%
Total Power:                 3.10101138 
-----------------------------------------------------------------------------------------


Group                           Internal   Switching     Leakage       Total  Percentage 
                                Power      Power         Power         Power  (%)        
-----------------------------------------------------------------------------------------
Sequential                        0.2044     0.02118   2.905e-07      0.2256       7.274 
Macro                                  0           0           0           0           0 
IO                                     0           0           0           0           0 
Combinational                      0.218       2.498     0.00602       2.722       87.79 
Clock (Combinational)            0.03288      0.1203   1.324e-07      0.1532        4.94 
Clock (Sequential)                     0           0           0           0           0 
-----------------------------------------------------------------------------------------
Total                             0.4552        2.64    0.006021       3.101         100 
-----------------------------------------------------------------------------------------


Clock                           Internal   Switching     Leakage       Total  Percentage 
                                Power      Power         Power         Power  (%)        
-----------------------------------------------------------------------------------------
clk                              0.03288      0.1203   1.324e-07      0.1532        4.94 
-----------------------------------------------------------------------------------------
Total (excluding duplicates)     0.03288      0.1203   1.324e-07      0.1532        4.94 
-----------------------------------------------------------------------------------------

Clock: clk
Clock Period:                0.005 usec 
Clock Toggle Rate:   400.0000 MHz 
Clock Static Probability:  0.5000


Rail                  Voltage   Internal   Switching     Leakage       Total  Percentage 
                                Power      Power         Power         Power  (%)        
-----------------------------------------------------------------------------------------
VDD                      1.95     0.4552        2.64    0.006021       3.101         100 


-----------------------------------------------------------------------------------------
*	Power Distribution Summary: 
*                Highest Average Power:             FE_OFC4_Out_7 (sky130_fd_sc_hd__buf_8):           0.2914 
*                Highest Leakage Power:       CTS_ccl_a_inv_00009 (sky130_fd_sc_hd__clkinv_16):        7.578e-08 
*          Total Cap:      1.47661e-11 F
*          Total instances in design: 1582999
*          Total instances in design with no power:     0
*          Total instances in design with no activity:     0
*          Total Fillers and Decap: 1582853
-----------------------------------------------------------------------------------------

